<?xml version="1.0" encoding="UTF-8"?>
<testsuite xmlns:xsi="http://www.w3.org/2001/XMLSchema-instance" xsi:noNamespaceSchemaLocation="https://maven.apache.org/surefire/maven-surefire-plugin/xsd/surefire-test-report-3.0.xsd" version="3.0" name="com.labwithcommunity.LabwithcommunityApplicationTests" time="33.293" tests="1" errors="0" skipped="0" failures="0">
  <properties>
[...]
</properties>
  <testcase name="contextLoads" classname="com.labwithcommunity.LabwithcommunityApplicationTests" time="0.758">
    <system-out><![CDATA[10:03:07.155 [main] INFO org.springframework.test.context.support.AnnotationConfigContextLoaderUtils -- Could not detect default configuration classes for test class [com.labwithcommunity.LabwithcommunityApplicationTests]: LabwithcommunityApplicationTests does not declare any static, non-private, non-final, nested classes annotated with @Configuration.
10:03:07.431 [main] INFO org.springframework.boot.test.context.SpringBootTestContextBootstrapper -- Found @SpringBootConfiguration com.labwithcommunity.LabwithcommunityApplication for test class com.labwithcommunity.LabwithcommunityApplicationTests

  .   ____          _            __ _ _
 /\\ / ___'_ __ _ _(_)_ __  __ _ \ \ \ \
( ( )\___ | '_ | '_| | '_ \/ _` | \ \ \ \
 \\/  ___)| |_)| | | | | || (_| |  ) ) ) )
  '  |____| .__|_| |_|_| |_\__, | / / / /
 =========|_|==============|___/=/_/_/_/
 :: Spring Boot ::                (v3.2.9)

2024-09-20T10:03:08.239+02:00  INFO 14004 --- [labwithcommunity] [           main] c.l.LabwithcommunityApplicationTests     : Starting LabwithcommunityApplicationTests using Java 20.0.2 with PID 14004 (started by luk in C:\projekty\Lab-With-Comunity_Official-Api)
2024-09-20T10:03:08.243+02:00  INFO 14004 --- [labwithcommunity] [           main] c.l.LabwithcommunityApplicationTests     : No active profile set, falling back to 1 default profile: "default"
2024-09-20T10:03:10.295+02:00  INFO 14004 --- [labwithcommunity] [           main] .s.d.r.c.RepositoryConfigurationDelegate : Bootstrapping Spring Data JPA repositories in DEFAULT mode.
2024-09-20T10:03:10.393+02:00  INFO 14004 --- [labwithcommunity] [           main] .s.d.r.c.RepositoryConfigurationDelegate : Finished Spring Data repository scanning in 83 ms. Found 1 JPA repository interface.
2024-09-20T10:03:11.963+02:00  INFO 14004 --- [labwithcommunity] [           main] org.testcontainers.images.PullPolicy     : Image pull policy will be performed by: DefaultPullPolicy()
2024-09-20T10:03:11.976+02:00  INFO 14004 --- [labwithcommunity] [           main] o.t.utility.ImageNameSubstitutor         : Image name substitution will be performed by: DefaultImageNameSubstitutor (composite of 'ConfigurationFileImageNameSubstitutor' and 'PrefixingImageNameSubstitutor')
2024-09-20T10:03:13.032+02:00  INFO 14004 --- [labwithcommunity] [           main] o.t.d.DockerClientProviderStrategy       : Loaded org.testcontainers.dockerclient.NpipeSocketClientProviderStrategy from ~/.testcontainers.properties, will try it first
2024-09-20T10:03:13.850+02:00  INFO 14004 --- [labwithcommunity] [           main] o.t.d.DockerClientProviderStrategy       : Found Docker environment with local Npipe socket (npipe:////./pipe/docker_engine)
2024-09-20T10:03:13.852+02:00  INFO 14004 --- [labwithcommunity] [           main] org.testcontainers.DockerClientFactory   : Docker host IP address is localhost
2024-09-20T10:03:13.893+02:00  INFO 14004 --- [labwithcommunity] [           main] org.testcontainers.DockerClientFactory   : Connected to docker: 
  Server Version: 27.0.3
  API Version: 1.46
  Operating System: Docker Desktop
  Total Memory: 7832 MB
2024-09-20T10:03:13.944+02:00  INFO 14004 --- [labwithcommunity] [           main] tc.testcontainers/ryuk:0.7.0             : Creating container for image: testcontainers/ryuk:0.7.0
2024-09-20T10:03:14.262+02:00  INFO 14004 --- [labwithcommunity] [           main] o.t.utility.RegistryAuthLocator          : Credential helper/store (docker-credential-desktop) does not have credentials for https://index.docker.io/v1/
2024-09-20T10:03:14.452+02:00  INFO 14004 --- [labwithcommunity] [           main] tc.testcontainers/ryuk:0.7.0             : Container testcontainers/ryuk:0.7.0 is starting: cfabbb863ee91fe74718692ec4a1abb0c58c75125a8ba29b0cc80383009de464
2024-09-20T10:03:15.324+02:00  INFO 14004 --- [labwithcommunity] [           main] tc.testcontainers/ryuk:0.7.0             : Container testcontainers/ryuk:0.7.0 started in PT1.3799819S
2024-09-20T10:03:15.341+02:00  INFO 14004 --- [labwithcommunity] [           main] o.t.utility.RyukResourceReaper           : Ryuk started - will monitor and terminate Testcontainers containers on JVM exit
2024-09-20T10:03:15.341+02:00  INFO 14004 --- [labwithcommunity] [           main] org.testcontainers.DockerClientFactory   : Checking the system...
2024-09-20T10:03:15.342+02:00  INFO 14004 --- [labwithcommunity] [           main] org.testcontainers.DockerClientFactory   : ✔︎ Docker server version should be at least 1.6.0
2024-09-20T10:03:15.354+02:00  INFO 14004 --- [labwithcommunity] [           main] tc.mysql:latest                          : Creating container for image: mysql:latest
2024-09-20T10:03:15.634+02:00  INFO 14004 --- [labwithcommunity] [           main] tc.mysql:latest                          : Container mysql:latest is starting: 771f3a0a0ae60e495d31fc44752a392282249c3a0f9eaaeb2073b961a0d611e2
2024-09-20T10:03:16.053+02:00  INFO 14004 --- [labwithcommunity] [           main] tc.mysql:latest                          : Waiting for database connection to become available at jdbc:mysql://localhost:53436/test using query 'SELECT 1'
2024-09-20T10:03:32.977+02:00  INFO 14004 --- [labwithcommunity] [           main] tc.mysql:latest                          : Container mysql:latest started in PT17.6231196S
2024-09-20T10:03:32.978+02:00  INFO 14004 --- [labwithcommunity] [           main] tc.mysql:latest                          : Container is started (JDBC URL: jdbc:mysql://localhost:53436/test)
2024-09-20T10:03:33.537+02:00  INFO 14004 --- [labwithcommunity] [           main] o.hibernate.jpa.internal.util.LogHelper  : HHH000204: Processing PersistenceUnitInfo [name: default]
2024-09-20T10:03:33.635+02:00  INFO 14004 --- [labwithcommunity] [           main] org.hibernate.Version                    : HHH000412: Hibernate ORM core version 6.4.10.Final
2024-09-20T10:03:33.689+02:00  INFO 14004 --- [labwithcommunity] [           main] o.h.c.internal.RegionFactoryInitiator    : HHH000026: Second-level cache disabled
2024-09-20T10:03:34.100+02:00  INFO 14004 --- [labwithcommunity] [           main] o.s.o.j.p.SpringPersistenceUnitInfo      : No LoadTimeWeaver setup: ignoring JPA class transformer
2024-09-20T10:03:34.192+02:00  INFO 14004 --- [labwithcommunity] [           main] com.zaxxer.hikari.HikariDataSource       : HikariPool-1 - Starting...
2024-09-20T10:03:34.507+02:00  INFO 14004 --- [labwithcommunity] [           main] com.zaxxer.hikari.pool.HikariPool        : HikariPool-1 - Added connection com.mysql.cj.jdbc.ConnectionImpl@40d370fa
2024-09-20T10:03:34.512+02:00  INFO 14004 --- [labwithcommunity] [           main] com.zaxxer.hikari.HikariDataSource       : HikariPool-1 - Start completed.
2024-09-20T10:03:34.610+02:00  WARN 14004 --- [labwithcommunity] [           main] org.hibernate.orm.deprecation            : HHH90000025: MySQL8Dialect does not need to be specified explicitly using 'hibernate.dialect' (remove the property setting and it will be selected by default)
2024-09-20T10:03:34.617+02:00  WARN 14004 --- [labwithcommunity] [           main] org.hibernate.orm.deprecation            : HHH90000026: MySQL8Dialect has been deprecated; use org.hibernate.dialect.MySQLDialect instead
2024-09-20T10:03:36.032+02:00  INFO 14004 --- [labwithcommunity] [           main] o.h.e.t.j.p.i.JtaPlatformInitiator       : HHH000489: No JTA platform available (set 'hibernate.transaction.jta.platform' to enable JTA platform integration)
Hibernate: create table users (id binary(16) not null, email varchar(255), nickname varchar(255), password varchar(255), roles varbinary(255), username varchar(255), primary key (id)) engine=InnoDB
2024-09-20T10:03:36.138+02:00  INFO 14004 --- [labwithcommunity] [           main] j.LocalContainerEntityManagerFactoryBean : Initialized JPA EntityManagerFactory for persistence unit 'default'
2024-09-20T10:03:37.815+02:00  WARN 14004 --- [labwithcommunity] [           main] JpaBaseConfiguration$JpaWebConfiguration : spring.jpa.open-in-view is enabled by default. Therefore, database queries may be performed during view rendering. Explicitly configure spring.jpa.open-in-view to disable this warning
2024-09-20T10:03:39.343+02:00  INFO 14004 --- [labwithcommunity] [           main] c.l.LabwithcommunityApplicationTests     : Started LabwithcommunityApplicationTests in 31.567 seconds (process running for 33.57)
]]></system-out>
  </testcase>
</testsuite>